Arguments: 
  C:\Program Files\nodejs\node.exe C:\Program Files (x86)\Yarn\bin\yarn.js dev

PATH: 
  D:\Program Files (x86)\Python37-32\Scripts\;D:\Program Files (x86)\Python37-32\;C:\Program Files (x86)\Common Files\Oracle\Java\javapath;C:\Program Files (x86)\Intel\iCLS Client\;C:\Program Files\Intel\iCLS Client\;C:\Windows\system32;C:\Windows;C:\Windows\System32\Wbem;C:\Windows\System32\WindowsPowerShell\v1.0\;C:\Program Files (x86)\NVIDIA Corporation\PhysX\Common;C:\Program Files (x86)\Intel\Intel(R) Management Engine Components\DAL;C:\Program Files\Intel\Intel(R) Management Engine Components\DAL;C:\Program Files (x86)\Intel\Intel(R) Management Engine Components\IPT;C:\Program Files\Intel\Intel(R) Management Engine Components\IPT;C:\Program Files\Intel\WiFi\bin\;C:\Program Files\Common Files\Intel\WirelessCommon\;C:\Program Files\PostgreSQLn\9.6\bin;C:\Program Files\Git\cmd;C:\nginx\nginx-1.12.2;C:\Program Files\Git\bin;C:\nvm;C:\Program Files\nodejs;C:\nvm;C:\Program Files (x86)\Yarn\bin\;C:\Program Files\Git\usr\bin;C:\wamp64\bin\php\php7.4.0;D:\cygwin64\bin;C:\Program Files\PuTTY\;C:\WINDOWS\system32;C:\WINDOWS;C:\WINDOWS\System32\Wbem;C:\WINDOWS\System32\WindowsPowerShell\v1.0\;C:\WINDOWS\System32\OpenSSH\;C:\Program Files\MiKTeX 2.9\miktex\bin\x64\;C:\memcached;D:\Program Files\CMake\bin;D:\Program Files\Java\jdk1.8.0_111\bin;D:\make-3.81-bin\bin;D:\cygwin64;C:\ProgramData\chocolatey\bin;D:\Program Files\nodejs\;C:\Program Files\AdoptOpenJDK\jdk8u192-b12\bin;C:\Program Files\Java\jdk1.8.0_211\bin;C:\Android\android-sdk\tools;C:\Android\android-sdk\platform-tools;C:\Android\android-sdk\tools\bin;C:\ProgramData\ComposerSetup\bin;C:\Program Files\Docker\Docker\resources\bin;C:\ProgramData\DockerDesktop\version-bin;C:\Users\alvaro\AppData\Local\Microsoft\WindowsApps;C:\nvm;C:\Program Files\nodejs;C:\Users\alvaro\AppData\Local\Yarn\bin;C:\Users\alvaro\AppData\Roaming\Composer\vendor\bin;C:\Users\alvaro\AppData\Local\atom\bin;C:\Users\alvaro\AppData\Local\Microsoft\WindowsApps;D:\Program Files (x86)\ant\bin;C:\Program Files\MiKTeX 2.9\miktex\bin\x64;D:\Program Files (x86)\Python37-32;C:\wamp64\bin\mysql\mysql5.7.19\bin;C:\Program Files (x86)\Nmap;D:\Users\alvaro\AppData\Local\Programs\Microsoft VS Code\bin;D:\Program Files\heroku\bin;C:\wamp64\bin\php\php7.1.9;C:\Users\alvaro\AppData\Roaming\npm;C:\tools\neovim\Neovim\bin;D:\eleapextra\phantomjs-2.1.1-windows\phantomjs-2.1.1-windows\bin;

Yarn version: 
  1.5.1

Node version: 
  14.4.0

Platform: 
  win32 x64

npm manifest: 
  No manifest

yarn manifest: 
  No manifest

Lockfile: 
  No lockfile

Trace: 
  Error: Couldn't find a package.json file in "D:\\work\\portfolio\\dev-portfolio"
      at new MessageError (C:\Program Files (x86)\Yarn\lib\cli.js:186:110)
      at C:\Program Files (x86)\Yarn\lib\cli.js:40048:15
      at Generator.next (<anonymous>)
      at step (C:\Program Files (x86)\Yarn\lib\cli.js:98:30)
      at C:\Program Files (x86)\Yarn\lib\cli.js:109:13
